<?xml version="1.0" encoding="UTF-8"?>
<!-- Generated by org.testng.reporters.JUnitReportReporter -->
<testsuite hostname="LAPTOP-2GF41894" failures="0" tests="4" name="api.test.UserTests" time="8.785" errors="0" timestamp="2023-04-19T08:38:17 IST" skipped="0">
  <testcase classname="api.test.UserTests" name="testPostUser" time="3.429"/>
  <system-out/>
  <testcase classname="api.test.UserTests" name="testGetUserByName" time="1.340"/>
  <system-out/>
  <testcase classname="api.test.UserTests" name="updateUserByName" time="2.654"/>
  <system-out/>
  <testcase classname="api.test.UserTests" name="testDeleteUserByName" time="1.362"/>
  <system-out/>
</testsuite> <!-- api.test.UserTests -->
