<?xml version="1.0" encoding="UTF-8"?>
<!-- Generated by org.testng.reporters.JUnitReportReporter -->
<testsuite hostname="LAPTOP-2GF41894" failures="0" tests="6" name="api.test.DataDrivenTests" time="9.755" errors="0" timestamp="2023-04-14T13:57:47 IST" skipped="0">
  <testcase classname="api.test.DataDrivenTests" name="testPostUsers" time="1.372"/>
  <system-out/>
  <testcase classname="api.test.DataDrivenTests" name="testPostUsers" time="3.073"/>
  <system-out/>
  <testcase classname="api.test.DataDrivenTests" name="testPostUsers" time="1.317"/>
  <system-out/>
  <testcase classname="api.test.DataDrivenTests" name="testDeleteUserByName" time="1.308"/>
  <system-out/>
  <testcase classname="api.test.DataDrivenTests" name="testDeleteUserByName" time="1.326"/>
  <system-out/>
  <testcase classname="api.test.DataDrivenTests" name="testDeleteUserByName" time="1.359"/>
  <system-out/>
</testsuite> <!-- api.test.DataDrivenTests -->
