<?xml version="1.0" encoding="UTF-8"?>
<!-- Generated by org.testng.reporters.JUnitReportReporter -->
<testsuite hostname="LAPTOP-2GF41894" failures="0" tests="4" name="api.test.UserTests" time="7.360" errors="0" timestamp="2023-04-20T13:59:01 IST" skipped="0">
  <testcase classname="api.test.UserTests" name="testPostUser" time="1.922"/>
  <system-out/>
  <testcase classname="api.test.UserTests" name="testGetUserByName" time="1.794"/>
  <system-out/>
  <testcase classname="api.test.UserTests" name="updateUserByName" time="2.274"/>
  <system-out/>
  <testcase classname="api.test.UserTests" name="testDeleteUserByName" time="1.370"/>
  <system-out/>
</testsuite> <!-- api.test.UserTests -->
