<?xml version="1.0" encoding="UTF-8"?>
<!-- Generated by org.testng.reporters.JUnitReportReporter -->
<testsuite hostname="LAPTOP-2GF41894" failures="0" tests="6" name="api.test.DataDrivenTests" time="11.316" errors="0" timestamp="2023-04-20T13:59:01 IST" skipped="0">
  <testcase classname="api.test.DataDrivenTests" name="testPostUsers" time="4.297"/>
  <system-out/>
  <testcase classname="api.test.DataDrivenTests" name="testPostUsers" time="1.328"/>
  <system-out/>
  <testcase classname="api.test.DataDrivenTests" name="testPostUsers" time="1.308"/>
  <system-out/>
  <testcase classname="api.test.DataDrivenTests" name="testDeleteUserByName" time="1.759"/>
  <system-out/>
  <testcase classname="api.test.DataDrivenTests" name="testDeleteUserByName" time="1.287"/>
  <system-out/>
  <testcase classname="api.test.DataDrivenTests" name="testDeleteUserByName" time="1.337"/>
  <system-out/>
</testsuite> <!-- api.test.DataDrivenTests -->
